<?xml version="1.0" encoding="UTF-8"?>
<!-- Generated by org.testng.reporters.JUnitReportReporter -->
<testsuite hostname="LAPTOP-K0BNVMLE" failures="0" tests="1" name="testNGStudy.AnnotationsStudy" time="13.252" errors="0" timestamp="2022-11-07T22:07:01 IST" skipped="0">
  <testcase classname="testNGStudy.AnnotationsStudy" name="facebookLaunch" time="13.252"/>
  <system-out/>
</testsuite> <!-- testNGStudy.AnnotationsStudy -->
