<?xml version="1.0" encoding="UTF-8"?>
<!-- Generated by org.testng.reporters.JUnitReportReporter -->
<testsuite hostname="LAPTOP-K0BNVMLE" failures="0" tests="5" name="testNGStudy.Grouping" time="0.017" errors="0" timestamp="2022-11-16T14:25:31 IST" skipped="0">
  <testcase classname="testNGStudy.Grouping" name="B" time="0.001"/>
  <system-out>
    <![CDATA[B TC running]]>
  </system-out>
  <testcase classname="testNGStudy.Grouping" name="C" time="0.001"/>
  <system-out>
    <![CDATA[C TC running]]>
  </system-out>
  <testcase classname="testNGStudy.Grouping" name="E" time="0.001"/>
  <system-out>
    <![CDATA[E TC running]]>
  </system-out>
  <testcase classname="testNGStudy.Grouping" name="A" time="0.013"/>
  <system-out>
    <![CDATA[A TC running]]>
  </system-out>
  <testcase classname="testNGStudy.Grouping" name="D" time="0.001"/>
  <system-out>
    <![CDATA[D TC running]]>
  </system-out>
</testsuite> <!-- testNGStudy.Grouping -->
