<?xml version="1.0" encoding="UTF-8"?>
<!-- Generated by org.testng.reporters.JUnitReportReporter -->
<testsuite hostname="LAPTOP-K0BNVMLE" failures="0" tests="1" name="verificationUsingTestNG.MyTestCase" time="10.623" errors="0" timestamp="2022-11-16T22:23:56 IST" skipped="0">
  <testcase classname="verificationUsingTestNG.MyTestCase" name="verufycheckbox" time="10.623"/>
  <system-out/>
</testsuite> <!-- verificationUsingTestNG.MyTestCase -->
