<?xml version="1.0" encoding="UTF-8"?>
<!-- Generated by org.testng.reporters.JUnitReportReporter -->
<testsuite hostname="LAPTOP-K0BNVMLE" failures="0" tests="1" name="testNGStudy.Example1Testing" time="14.246" errors="0" timestamp="2022-11-06T17:27:36 IST" skipped="0">
  <testcase classname="testNGStudy.Example1Testing" name="KiteLogin" time="14.246"/>
  <system-out/>
</testsuite> <!-- testNGStudy.Example1Testing -->
