<?xml version="1.0" encoding="UTF-8"?>
<!-- Generated by org.testng.reporters.JUnitReportReporter -->
<testsuite hostname="LAPTOP-K0BNVMLE" failures="0" tests="6" name="testNGStudy.IncludetestNG" time="0.035" errors="0" timestamp="2022-11-15T19:18:57 IST" skipped="0">
  <testcase classname="testNGStudy.IncludetestNG" name="A" time="0.023"/>
  <system-out>
    <![CDATA[A TC running]]>
  </system-out>
  <testcase classname="testNGStudy.IncludetestNG" name="C" time="0.001"/>
  <system-out>
    <![CDATA[C TC running]]>
  </system-out>
  <testcase classname="testNGStudy.IncludetestNG" name="E" time="0.004"/>
  <system-out>
    <![CDATA[E TC running]]>
  </system-out>
  <testcase classname="testNGStudy.IncludetestNG" name="B" time="0.002"/>
  <system-out>
    <![CDATA[B TC running]]>
  </system-out>
  <testcase classname="testNGStudy.IncludetestNG" name="D" time="0.002"/>
  <system-out>
    <![CDATA[D TC running]]>
  </system-out>
  <testcase classname="testNGStudy.IncludetestNG" name="F" time="0.003"/>
  <system-out>
    <![CDATA[F TC running]]>
  </system-out>
</testsuite> <!-- testNGStudy.IncludetestNG -->
